<?xml version="1.0" encoding="UTF-8"?>
<testng-results ignored="0" total="3" passed="3" failed="0" skipped="0">
  <reporter-output>
  </reporter-output>
  <suite started-at="2023-04-17T09:17:17 IST" name="Default suite" finished-at="2023-04-17T09:17:58 IST" duration-ms="41163">
    <groups>
      <group name="cucumber">
        <method signature="AbstractTestNGCucumberTests.runScenario(io.cucumber.testng.PickleWrapper,io.cucumber.testng.FeatureWrapper)[pri:0, instance:runner.RunnerTest@1af2d44a]" name="runScenario" class="io.cucumber.testng.AbstractTestNGCucumberTests"/>
      </group> <!-- cucumber -->
    </groups>
    <test started-at="2023-04-17T09:17:17 IST" name="Default test" finished-at="2023-04-17T09:17:58 IST" duration-ms="41163">
      <class name="runner.RunnerTest">
        <test-method is-config="true" signature="setUpClass(org.testng.ITestContext)[pri:0, instance:runner.RunnerTest@1af2d44a]" started-at="2023-04-17T09:17:17 IST" name="setUpClass" finished-at="2023-04-17T09:17:18 IST" duration-ms="507" status="PASS">
          <params>
            <param index="0">
              <value>
                <![CDATA[org.testng.TestRunner@5bfc79cb]]>
              </value>
            </param>
          </params>
          <reporter-output>
          </reporter-output>
        </test-method> <!-- setUpClass -->
        <test-method signature="runScenario(io.cucumber.testng.PickleWrapper,io.cucumber.testng.FeatureWrapper)[pri:0, instance:runner.RunnerTest@1af2d44a]" started-at="2023-04-17T09:17:18 IST" name="runScenario" description="Runs Cucumber Scenarios" data-provider="scenarios" finished-at="2023-04-17T09:17:36 IST" duration-ms="18269" status="PASS">
          <params>
            <param index="0">
              <value>
                <![CDATA["Create 3 Different Incidents"]]>
              </value>
            </param>
            <param index="1">
              <value>
                <![CDATA["ServiceNow Incidents Creation"]]>
              </value>
            </param>
          </params>
          <reporter-output>
          </reporter-output>
        </test-method> <!-- runScenario -->
        <test-method signature="runScenario(io.cucumber.testng.PickleWrapper,io.cucumber.testng.FeatureWrapper)[pri:0, instance:runner.RunnerTest@1af2d44a]" started-at="2023-04-17T09:17:36 IST" name="runScenario" description="Runs Cucumber Scenarios" data-provider="scenarios" finished-at="2023-04-17T09:17:48 IST" duration-ms="12215" status="PASS">
          <params>
            <param index="0">
              <value>
                <![CDATA["Create 3 Different Incidents"]]>
              </value>
            </param>
            <param index="1">
              <value>
                <![CDATA["ServiceNow Incidents Creation"]]>
              </value>
            </param>
          </params>
          <reporter-output>
          </reporter-output>
        </test-method> <!-- runScenario -->
        <test-method signature="runScenario(io.cucumber.testng.PickleWrapper,io.cucumber.testng.FeatureWrapper)[pri:0, instance:runner.RunnerTest@1af2d44a]" started-at="2023-04-17T09:17:48 IST" name="runScenario" description="Runs Cucumber Scenarios" data-provider="scenarios" finished-at="2023-04-17T09:17:58 IST" duration-ms="10036" status="PASS">
          <params>
            <param index="0">
              <value>
                <![CDATA["Create 3 Different Incidents"]]>
              </value>
            </param>
            <param index="1">
              <value>
                <![CDATA["ServiceNow Incidents Creation"]]>
              </value>
            </param>
          </params>
          <reporter-output>
          </reporter-output>
        </test-method> <!-- runScenario -->
        <test-method is-config="true" signature="tearDownClass()[pri:0, instance:runner.RunnerTest@1af2d44a]" started-at="2023-04-17T09:17:58 IST" name="tearDownClass" finished-at="2023-04-17T09:17:58 IST" duration-ms="24" status="PASS">
          <reporter-output>
          </reporter-output>
        </test-method> <!-- tearDownClass -->
      </class> <!-- runner.RunnerTest -->
    </test> <!-- Default test -->
  </suite> <!-- Default suite -->
</testng-results>
